{"D:\\devops\\cseunit\\index.js": {"path":"D:\\devops\\cseunit\\index.js","statementMap":{"0":{"start":{"line":1,"column":16},"end":{"line":1,"column":34}},"1":{"start":{"line":2,"column":12},"end":{"line":2,"column":21}},"2":{"start":{"line":3,"column":17},"end":{"line":3,"column":36}},"3":{"start":{"line":5,"column":0},"end":{"line":5,"column":24}},"4":{"start":{"line":7,"column":0},"end":{"line":7,"column":56}},"5":{"start":{"line":11,"column":11},"end":{"line":22,"column":3}},"6":{"start":{"line":27,"column":12},"end":{"line":27,"column":63}},"7":{"start":{"line":31,"column":0},"end":{"line":38,"column":3}},"8":{"start":{"line":33,"column":15},"end":{"line":33,"column":36}},"9":{"start":{"line":35,"column":17},"end":{"line":35,"column":48}},"10":{"start":{"line":37,"column":4},"end":{"line":37,"column":19}},"11":{"start":{"line":42,"column":0},"end":{"line":52,"column":3}},"12":{"start":{"line":44,"column":4},"end":{"line":44,"column":47}},"13":{"start":{"line":46,"column":17},"end":{"line":46,"column":36}},"14":{"start":{"line":48,"column":4},"end":{"line":48,"column":22}},"15":{"start":{"line":50,"column":4},"end":{"line":50,"column":19}},"16":{"start":{"line":56,"column":0},"end":{"line":67,"column":3}},"17":{"start":{"line":58,"column":15},"end":{"line":58,"column":36}},"18":{"start":{"line":60,"column":17},"end":{"line":64,"column":5}},"19":{"start":{"line":66,"column":4},"end":{"line":66,"column":19}},"20":{"start":{"line":71,"column":0},"end":{"line":78,"column":3}},"21":{"start":{"line":73,"column":15},"end":{"line":73,"column":36}},"22":{"start":{"line":75,"column":4},"end":{"line":75,"column":45}},"23":{"start":{"line":77,"column":4},"end":{"line":77,"column":37}},"24":{"start":{"line":82,"column":0},"end":{"line":86,"column":3}},"25":{"start":{"line":84,"column":4},"end":{"line":84,"column":56}},"26":{"start":{"line":89,"column":0},"end":{"line":89,"column":21}}},"fnMap":{"0":{"name":"(anonymous_0)","decl":{"start":{"line":31,"column":21},"end":{"line":31,"column":22}},"loc":{"start":{"line":31,"column":41},"end":{"line":38,"column":1}},"line":31},"1":{"name":"(anonymous_1)","decl":{"start":{"line":42,"column":18},"end":{"line":42,"column":19}},"loc":{"start":{"line":42,"column":38},"end":{"line":52,"column":1}},"line":42},"2":{"name":"(anonymous_2)","decl":{"start":{"line":56,"column":21},"end":{"line":56,"column":22}},"loc":{"start":{"line":56,"column":41},"end":{"line":67,"column":1}},"line":56},"3":{"name":"(anonymous_3)","decl":{"start":{"line":71,"column":24},"end":{"line":71,"column":25}},"loc":{"start":{"line":71,"column":44},"end":{"line":78,"column":1}},"line":71},"4":{"name":"(anonymous_4)","decl":{"start":{"line":82,"column":13},"end":{"line":82,"column":14}},"loc":{"start":{"line":82,"column":27},"end":{"line":86,"column":1}},"line":82}},"branchMap":{},"s":{"0":1,"1":1,"2":1,"3":1,"4":1,"5":1,"6":1,"7":1,"8":1,"9":1,"10":1,"11":1,"12":1,"13":1,"14":1,"15":1,"16":1,"17":1,"18":1,"19":1,"20":1,"21":1,"22":1,"23":1,"24":1,"25":1,"26":1},"f":{"0":1,"1":1,"2":1,"3":1,"4":1},"b":{},"_coverageSchema":"1a1c01bbd47fc00a2c39e90264f33305004495a9","hash":"95f2a71e1a443956f86ae482d16c6149cc181164"}
}
